Построение начато 22.09.2013 21:17:17.
     1>Проект "C:\Users\m0rg0_000\Documents\GitHub\ARDroneScouting\ARDrone2VideoTcp\ARDrone2VideoTcp.vcxproj" в узле 4 (целевые объекты Rebuild).
     1>C:\Program Files (x86)\MSBuild\Microsoft.Cpp\v4.0\V110\Microsoft.CppClean.targets(75,5): warning : Процесс не может получить доступ к файлу "C:\USERS\M0RG0_000\DOCUMENTS\GITHUB\ARDRONESCOUTING\ARDRONE2VIDEOTCP\WIN32\RELEASE\PCH.OBJ", так как этот файл используется другим процессом.
     1>C:\Program Files (x86)\MSBuild\Microsoft.Cpp\v4.0\V110\Microsoft.CppClean.targets(75,5): warning : Процесс не может получить доступ к файлу "C:\Users\m0rg0_000\Documents\GitHub\ARDroneScouting\ARDrone2VideoTcp\Win32\Release\pch.obj", так как этот файл используется другим процессом.
     1>ClCompile:
         C:\Program Files (x86)\Microsoft Visual Studio 11.0\VC\bin\CL.exe /c /IC:\Users\m0rg0_000\Documents\GitHub\ARDroneScouting\ARDrone2VideoTcp\ /I"Generated Files\\" /IWin32\Release\ /Zi /ZW /ZW:nostdlib /nologo /W3 /WX- /sdl /MP /O2 /Oi /Oy- /GL /D _UNICODE /D UNICODE /D WINAPI_FAMILY=WINAPI_FAMILY_APP /Gm- /EHsc /MD /GS /Gy /fp:precise /Zc:wchar_t /Zc:forScope /Yc"pch.h" /Fp"Win32\Release\ARDrone2VideoTcp.pch" /Fo"Win32\Release\\" /Fd"Win32\Release\vc110.pdb" /Gd /TP /FU"C:\Program Files (x86)\Microsoft SDKs\Windows\v8.0\ExtensionSDKs\Microsoft.VCLibs\11.0\References\CommonConfiguration\neutral\platform.winmd" /FU"C:\Program Files (x86)\Windows Kits\8.0\References\CommonConfiguration\Neutral\Windows.winmd" /FU"C:\Program Files (x86)\Windows Kits\8.0\References\CommonConfiguration\Neutral\Windows.winmd" /analyze- /errorReport:prompt pch.cpp
         pch.cpp
         C:\Program Files (x86)\Microsoft Visual Studio 11.0\VC\bin\CL.exe /c /IC:\Users\m0rg0_000\Documents\GitHub\ARDroneScouting\ARDrone2VideoTcp\ /I"Generated Files\\" /IWin32\Release\ /Zi /ZW /ZW:nostdlib /nologo /W3 /WX- /sdl /MP /O2 /Oi /Oy- /GL /D _UNICODE /D UNICODE /D WINAPI_FAMILY=WINAPI_FAMILY_APP /Gm- /EHsc /MD /GS /Gy /fp:precise /Zc:wchar_t /Zc:forScope /Yu"pch.h" /Fp"Win32\Release\ARDrone2VideoTcp.pch" /Fo"Win32\Release\\" /Fd"Win32\Release\vc110.pdb" /Gd /TP /FU"C:\Program Files (x86)\Microsoft SDKs\Windows\v8.0\ExtensionSDKs\Microsoft.VCLibs\11.0\References\CommonConfiguration\neutral\platform.winmd" /FU"C:\Program Files (x86)\Windows Kits\8.0\References\CommonConfiguration\Neutral\Windows.winmd" /FU"C:\Program Files (x86)\Windows Kits\8.0\References\CommonConfiguration\Neutral\Windows.winmd" /analyze- /errorReport:prompt ARBuffer.cpp ARDroneTcpClient.cpp ARStream.cpp NativeBuffer.cpp VideoEncapsulation.h
         ARBuffer.cpp
         ARDroneTcpClient.cpp
         ARStream.cpp
         NativeBuffer.cpp
         VideoEncapsulation.h
       Lib:
         C:\Program Files (x86)\Microsoft Visual Studio 11.0\VC\bin\Lib.exe /OUT:"C:\Users\m0rg0_000\Documents\GitHub\ARDroneScouting\Win32\Release\ARDrone2VideoTcp\ARDrone2VideoTcp.lib" /NOLOGO /LTCG /ignore:4264 Win32\Release\ARBuffer.obj
         Win32\Release\ARDroneTcpClient.obj
         Win32\Release\ARStream.obj
         Win32\Release\NativeBuffer.obj
         Win32\Release\VideoEncapsulation.obj
         Win32\Release\pch.obj
         ARDrone2VideoTcp.vcxproj -> C:\Users\m0rg0_000\Documents\GitHub\ARDroneScouting\Win32\Release\ARDrone2VideoTcp\ARDrone2VideoTcp.lib
       _GenerateProjectPriFileCore:
         C:\Program Files (x86)\Windows Kits\8.0\bin\x86\MakePri.exe New -ProjectRoot C:\Users\m0rg0_000\Documents\GitHub\ARDroneScouting\ARDrone2VideoTcp\ -ConfigXml Win32\Release\priconfig.xml -OutputFile C:\Users\m0rg0_000\Documents\GitHub\ARDroneScouting\Win32\Release\ARDrone2VideoTcp\ARDrone2VideoTcp.pri -IndexName ARDrone2VideoTcp -Verbose -Overwrite  
     1>Построение проекта "C:\Users\m0rg0_000\Documents\GitHub\ARDroneScouting\ARDrone2VideoTcp\ARDrone2VideoTcp.vcxproj" завершено (целевые объекты Rebuild).

Построение успешно завершено.

Затраченное время: 00:00:13.13
