C:\Users\m0rg0_000\Documents\GitHub\ARDroneScouting\ARDrone2VideoTcp\Win32\Release\priconfig.xml.intermediate
C:\Users\m0rg0_000\Documents\GitHub\ARDroneScouting\ARDrone2VideoTcp\Win32\Release\layout.resfiles.intermediate
C:\Users\m0rg0_000\Documents\GitHub\ARDroneScouting\ARDrone2VideoTcp\Win32\Release\resources.resfiles.intermediate
C:\Users\m0rg0_000\Documents\GitHub\ARDroneScouting\ARDrone2VideoTcp\Win32\Release\pri.resfiles.intermediate
C:\Users\m0rg0_000\Documents\GitHub\ARDroneScouting\ARDrone2VideoTcp\Win32\Release\priconfig.xml
C:\Users\m0rg0_000\Documents\GitHub\ARDroneScouting\ARDrone2VideoTcp\Win32\Release\layout.resfiles
C:\Users\m0rg0_000\Documents\GitHub\ARDroneScouting\ARDrone2VideoTcp\Win32\Release\resources.resfiles
C:\Users\m0rg0_000\Documents\GitHub\ARDroneScouting\ARDrone2VideoTcp\Win32\Release\pri.resfiles
C:\Users\m0rg0_000\Documents\GitHub\ARDroneScouting\Win32\Release\ARDrone2VideoTcp\ARDrone2VideoTcp.pri
C:\Users\m0rg0_000\Documents\GitHub\ARDroneScouting\ARDrone2VideoTcp\Win32\Release\LanguageQualifiers.txt
C:\USERS\M0RG0_000\DOCUMENTS\GITHUB\ARDRONESCOUTING\ARDRONE2VIDEOTCP\WIN32\RELEASE\ARDRONE2VIDEOTCP.PCH
C:\USERS\M0RG0_000\DOCUMENTS\GITHUB\ARDRONESCOUTING\ARDRONE2VIDEOTCP\WIN32\RELEASE\PCH.OBJ
C:\USERS\M0RG0_000\DOCUMENTS\GITHUB\ARDRONESCOUTING\ARDRONE2VIDEOTCP\WIN32\RELEASE\VC110.PDB
C:\USERS\M0RG0_000\DOCUMENTS\GITHUB\ARDRONESCOUTING\ARDRONE2VIDEOTCP\WIN32\RELEASE\ARBUFFER.OBJ
C:\USERS\M0RG0_000\DOCUMENTS\GITHUB\ARDRONESCOUTING\ARDRONE2VIDEOTCP\WIN32\RELEASE\VIDEOENCAPSULATION.OBJ
C:\USERS\M0RG0_000\DOCUMENTS\GITHUB\ARDRONESCOUTING\ARDRONE2VIDEOTCP\WIN32\RELEASE\NATIVEBUFFER.OBJ
C:\USERS\M0RG0_000\DOCUMENTS\GITHUB\ARDRONESCOUTING\ARDRONE2VIDEOTCP\WIN32\RELEASE\ARSTREAM.OBJ
C:\USERS\M0RG0_000\DOCUMENTS\GITHUB\ARDRONESCOUTING\ARDRONE2VIDEOTCP\WIN32\RELEASE\ARDRONETCPCLIENT.OBJ
C:\USERS\M0RG0_000\DOCUMENTS\GITHUB\ARDRONESCOUTING\WIN32\RELEASE\ARDRONE2VIDEOTCP\ARDRONE2VIDEOTCP.LIB
C:\Users\m0rg0_000\Documents\GitHub\ARDroneScouting\ARDrone2VideoTcp\Win32\Release\ARBuffer.obj
C:\Users\m0rg0_000\Documents\GitHub\ARDroneScouting\ARDrone2VideoTcp\Win32\Release\ARDroneTcpClient.obj
C:\Users\m0rg0_000\Documents\GitHub\ARDroneScouting\ARDrone2VideoTcp\Win32\Release\ARStream.obj
C:\Users\m0rg0_000\Documents\GitHub\ARDroneScouting\ARDrone2VideoTcp\Win32\Release\NativeBuffer.obj
C:\Users\m0rg0_000\Documents\GitHub\ARDroneScouting\ARDrone2VideoTcp\Win32\Release\pch.obj
C:\Users\m0rg0_000\Documents\GitHub\ARDroneScouting\ARDrone2VideoTcp\Win32\Release\VideoEncapsulation.obj
C:\Users\m0rg0_000\Documents\GitHub\ARDroneScouting\ARDrone2VideoTcp\Win32\Release\ARDrone2VideoTcp.read.1.tlog
C:\Users\m0rg0_000\Documents\GitHub\ARDroneScouting\ARDrone2VideoTcp\Win32\Release\ARDrone2VideoTcp.write.1.tlog
C:\Users\m0rg0_000\Documents\GitHub\ARDroneScouting\ARDrone2VideoTcp\Win32\Release\CL.2884.read.1.tlog
C:\Users\m0rg0_000\Documents\GitHub\ARDroneScouting\ARDrone2VideoTcp\Win32\Release\CL.2884.write.1.tlog
C:\Users\m0rg0_000\Documents\GitHub\ARDroneScouting\ARDrone2VideoTcp\Win32\Release\CL.3728.read.1.tlog
C:\Users\m0rg0_000\Documents\GitHub\ARDroneScouting\ARDrone2VideoTcp\Win32\Release\CL.3728.write.1.tlog
C:\Users\m0rg0_000\Documents\GitHub\ARDroneScouting\ARDrone2VideoTcp\Win32\Release\CL.7468.read.1.tlog
C:\Users\m0rg0_000\Documents\GitHub\ARDroneScouting\ARDrone2VideoTcp\Win32\Release\CL.7468.write.1.tlog
C:\Users\m0rg0_000\Documents\GitHub\ARDroneScouting\ARDrone2VideoTcp\Win32\Release\CL.8108.read.1.tlog
C:\Users\m0rg0_000\Documents\GitHub\ARDroneScouting\ARDrone2VideoTcp\Win32\Release\CL.8108.write.1.tlog
C:\Users\m0rg0_000\Documents\GitHub\ARDroneScouting\ARDrone2VideoTcp\Win32\Release\cl.command.1.tlog
C:\Users\m0rg0_000\Documents\GitHub\ARDroneScouting\ARDrone2VideoTcp\Win32\Release\CL.read.1.tlog
C:\Users\m0rg0_000\Documents\GitHub\ARDroneScouting\ARDrone2VideoTcp\Win32\Release\CL.write.1.tlog
C:\Users\m0rg0_000\Documents\GitHub\ARDroneScouting\ARDrone2VideoTcp\Win32\Release\Lib-link.read.1.tlog
C:\Users\m0rg0_000\Documents\GitHub\ARDroneScouting\ARDrone2VideoTcp\Win32\Release\Lib-link.write.1.tlog
C:\Users\m0rg0_000\Documents\GitHub\ARDroneScouting\ARDrone2VideoTcp\Win32\Release\lib.command.1.tlog
C:\Users\m0rg0_000\Documents\GitHub\ARDroneScouting\ARDrone2VideoTcp\Win32\Release\ARDrone2VideoTcp.pch
C:\Users\m0rg0_000\Documents\GitHub\ARDroneScouting\ARDrone2VideoTcp\Win32\Release\vc110.pdb
C:\Users\m0rg0_000\Documents\GitHub\ARDroneScouting\Win32\Release\ARDrone2VideoTcp\ARDrone2VideoTcp.lib
