Построение начато 22.09.2013 21:17:30.
     1>Проект "C:\Users\m0rg0_000\Documents\GitHub\ARDroneScouting\ARDrone2Video\ARDrone2Video.vcxproj" в узле 3 (целевые объекты Rebuild).
       Файл проекта содержит ToolsVersion="12.0". Данный набор инструментов является неизвестным или отсутствует. Для устранения этой ошибки можно установить для данного набора инструментов соответствующую версию .NET Framework. Считается, что проект содержит ToolsVersion="4.0".
     1>Midl:
         C:\Program Files (x86)\Windows Kits\8.0\bin\x86\midl.exe /metadata_dir "C:\Program Files (x86)\Windows Kits\8.0\References\CommonConfiguration\Neutral" /winrt /W1 /nologo /char signed /env win32 /h "ARDrone2Video_h.h" /tlb "Win32\Release\ARDrone2Video.tlb" /enum_class /ns_prefix ARDrone2Video.idl 
         MIDLRT Processing .\ARDrone2Video.idl
         ARDrone2Video.idl
         MIDLRT Processing C:\Program Files (x86)\Windows Kits\8.0\Include\winrt\Windows.Media.idl
         Windows.Media.idl
         MIDLRT Processing C:\Program Files (x86)\Windows Kits\8.0\Include\winrt\inspectable.idl
         inspectable.idl
         MIDLRT Processing C:\Program Files (x86)\Windows Kits\8.0\Include\shared\wtypes.idl
         wtypes.idl
         MIDLRT Processing C:\Program Files (x86)\Windows Kits\8.0\Include\shared\wtypesbase.idl
         wtypesbase.idl
         MIDLRT Processing C:\Program Files (x86)\Windows Kits\8.0\Include\shared\basetsd.h
         basetsd.h
         MIDLRT Processing C:\Program Files (x86)\Windows Kits\8.0\Include\shared\guiddef.h
         guiddef.h
         MIDLRT Processing C:\Program Files (x86)\Windows Kits\8.0\Include\um\unknwn.idl
         unknwn.idl
         MIDLRT Processing C:\Program Files (x86)\Windows Kits\8.0\Include\winrt\hstring.idl
         hstring.idl
         MIDLRT Processing C:\Program Files (x86)\Windows Kits\8.0\Include\winrt\AsyncInfo.idl
         AsyncInfo.idl
         MIDLRT Processing C:\Program Files (x86)\Windows Kits\8.0\Include\winrt\EventToken.idl
         EventToken.idl
         MIDLRT Processing C:\Program Files (x86)\Windows Kits\8.0\Include\winrt\Windows.Foundation.idl
         Windows.Foundation.idl
         MIDLRT Processing C:\Program Files (x86)\Windows Kits\8.0\Include\winrt\IVectorChangedEventArgs.idl
         IVectorChangedEventArgs.idl
         MIDLRT Processing C:\Program Files (x86)\Windows Kits\8.0\Include\um\oaidl.idl
         oaidl.idl
         MIDLRT Processing C:\Program Files (x86)\Windows Kits\8.0\Include\um\objidl.idl
         objidl.idl
         Processing C:\Users\M0RG0_~1\AppData\Local\Temp\ARDrone2Video.idl-837712a5
         ARDrone2Video.idl-837712a5
         Processing .\Windows.Media.idl-59d2494f
         Windows.Media.idl-59d2494f
         Processing C:\Program Files (x86)\Windows Kits\8.0\Include\winrt\inspectable.idl
         inspectable.idl
         Processing C:\Program Files (x86)\Windows Kits\8.0\Include\shared\wtypes.idl
         wtypes.idl
         Processing C:\Program Files (x86)\Windows Kits\8.0\Include\shared\wtypesbase.idl
         wtypesbase.idl
         Processing C:\Program Files (x86)\Windows Kits\8.0\Include\shared\basetsd.h
         basetsd.h
         Processing C:\Program Files (x86)\Windows Kits\8.0\Include\shared\guiddef.h
         guiddef.h
         Processing C:\Program Files (x86)\Windows Kits\8.0\Include\um\unknwn.idl
         unknwn.idl
         Processing C:\Program Files (x86)\Windows Kits\8.0\Include\winrt\hstring.idl
         hstring.idl
         Processing C:\Program Files (x86)\Windows Kits\8.0\Include\winrt\AsyncInfo.idl
         AsyncInfo.idl
         Processing C:\Program Files (x86)\Windows Kits\8.0\Include\winrt\EventToken.idl
         EventToken.idl
         Processing .\Windows.Foundation.idl-b406f841
         Windows.Foundation.idl-b406f841
         Processing .\IVectorChangedEventArgs.idl-e8778472
         IVectorChangedEventArgs.idl-e8778472
         Processing C:\Program Files (x86)\Windows Kits\8.0\Include\um\oaidl.idl
         oaidl.idl
         Processing C:\Program Files (x86)\Windows Kits\8.0\Include\um\objidl.idl
         objidl.idl
         Processing C:\Program Files (x86)\Windows Kits\8.0\Include\um\oaidl.acf
         oaidl.acf
       ClCompile:
         C:\Program Files (x86)\Microsoft Visual Studio 11.0\VC\bin\CL.exe /c /IC:\Users\m0rg0_000\Documents\GitHub\ARDroneScouting\ARDrone2Video\ /I"Generated Files\\" /IWin32\Release\ /AI"C:\Program Files (x86)\Windows Kits\8.0\References\CommonConfiguration\Neutral" /Zi /ZW /ZW:nostdlib /nologo /W3 /WX- /sdl /MP /O2 /Oi /Oy- /GL /D WINAPI_FAMILY=WINAPI_PARTITION_APP /D _WINRT_DLL /D NDEBUG /D _USRDLL /D _WINDLL /D _UNICODE /D UNICODE /D WINAPI_FAMILY=WINAPI_FAMILY_APP /Gm- /EHsc /MD /GS /Gy /fp:precise /Zc:wchar_t /Zc:forScope /Yc"StdAfx.h" /Fp"Win32\Release\StdAfx.pch" /Fo"Win32\Release\\" /Fd"Win32\Release\vc110.pdb" /Gd /TP /FU"C:\Program Files (x86)\Microsoft SDKs\Windows\v8.0\ExtensionSDKs\Microsoft.VCLibs\11.0\References\CommonConfiguration\neutral\platform.winmd" /FU"C:\Program Files (x86)\Windows Kits\8.0\References\CommonConfiguration\Neutral\Windows.winmd" /FU"C:\Program Files (x86)\Windows Kits\8.0\References\CommonConfiguration\Neutral\Windows.winmd" /analyze- /errorReport:prompt pch.cpp
         pch.cpp
         C:\Program Files (x86)\Microsoft Visual Studio 11.0\VC\bin\CL.exe /c /IC:\Users\m0rg0_000\Documents\GitHub\ARDroneScouting\ARDrone2Video\ /I"Generated Files\\" /IWin32\Release\ /AI"C:\Program Files (x86)\Windows Kits\8.0\References\CommonConfiguration\Neutral" /Zi /ZW /ZW:nostdlib /nologo /W3 /WX- /sdl /MP /O2 /Oi /Oy- /GL /D WINAPI_FAMILY=WINAPI_PARTITION_APP /D _WINRT_DLL /D NDEBUG /D _USRDLL /D _WINDLL /D _UNICODE /D UNICODE /D WINAPI_FAMILY=WINAPI_FAMILY_APP /Gm- /EHsc /MD /GS /Gy /fp:precise /Zc:wchar_t /Zc:forScope /Yu"StdAfx.h" /Fp"Win32\Release\StdAfx.pch" /Fo"Win32\Release\\" /Fd"Win32\Release\vc110.pdb" /Gd /TP /FU"C:\Program Files (x86)\Microsoft SDKs\Windows\v8.0\ExtensionSDKs\Microsoft.VCLibs\11.0\References\CommonConfiguration\neutral\platform.winmd" /FU"C:\Program Files (x86)\Windows Kits\8.0\References\CommonConfiguration\Neutral\Windows.winmd" /FU"C:\Program Files (x86)\Windows Kits\8.0\References\CommonConfiguration\Neutral\Windows.winmd" /analyze- /errorReport:prompt ARDroneMediaStream.cpp ARDroneSchemeHandler.cpp dllmain.cpp ARDroneMediaSource.cpp
         ARDroneMediaStream.cpp
         ARDroneSchemeHandler.cpp
         dllmain.cpp
         ARDroneMediaSource.cpp
       Link:
         C:\Program Files (x86)\Microsoft Visual Studio 11.0\VC\bin\link.exe /ERRORREPORT:PROMPT /OUT:"C:\Users\m0rg0_000\Documents\GitHub\ARDroneScouting\ARDrone2Video\Win32\Release\ARDrone2Video.dll" /NOLOGO runtimeobject.lib user32.lib kernel32.lib mf.lib mfuuid.lib mfplat.lib /MANIFEST:NO /DEBUG /PDB:"C:\Users\m0rg0_000\Documents\GitHub\ARDroneScouting\ARDrone2Video\Win32\Release\ARDrone2Video.pdb" /SUBSYSTEM:CONSOLE /OPT:REF /OPT:ICF /LTCG /TLBID:1 /APPCONTAINER /WINMD /WINMDFILE:"C:\Users\m0rg0_000\Documents\GitHub\ARDroneScouting\ARDrone2Video\Win32\Release\ARDrone2Video.winmd" /DYNAMICBASE /NXCOMPAT /IMPLIB:"C:\Users\m0rg0_000\Documents\GitHub\ARDroneScouting\ARDrone2Video\Win32\Release\ARDrone2Video.lib" /MACHINE:X86 /SAFESEH /ignore:4264 /DLL Win32\Release\ARDroneMediaStream.obj
         Win32\Release\ARDroneSchemeHandler.obj
         Win32\Release\dllmain.obj
         Win32\Release\ARDroneMediaSource.obj
         Win32\Release\pch.obj
         C:\Users\m0rg0_000\Documents\GitHub\ARDroneScouting\Win32\Release\ARDrone2VideoTcp\ARDrone2VideoTcp.lib
            Создается библиотека C:\Users\m0rg0_000\Documents\GitHub\ARDroneScouting\ARDrone2Video\Win32\Release\ARDrone2Video.lib и объект C:\Users\m0rg0_000\Documents\GitHub\ARDroneScouting\ARDrone2Video\Win32\Release\ARDrone2Video.exp
         Создание кода
         Создание кода завершено
         ARDrone2Video.vcxproj -> C:\Users\m0rg0_000\Documents\GitHub\ARDroneScouting\ARDrone2Video\Win32\Release\ARDrone2Video.dll
       _GenerateProjectPriFileCore:
         C:\Program Files (x86)\Windows Kits\8.0\bin\x86\MakePri.exe New -ProjectRoot C:\Users\m0rg0_000\Documents\GitHub\ARDroneScouting\ARDrone2Video\ -ConfigXml Win32\Release\priconfig.xml -OutputFile C:\Users\m0rg0_000\Documents\GitHub\ARDroneScouting\ARDrone2Video\Win32\Release\ARDrone2Video.pri -IndexName ARDrone2Video -Verbose -Overwrite  
     1>Построение проекта "C:\Users\m0rg0_000\Documents\GitHub\ARDroneScouting\ARDrone2Video\ARDrone2Video.vcxproj" завершено (целевые объекты Rebuild).

Построение успешно завершено.

Затраченное время: 00:00:20.37
