C:\Users\m0rg0_000\Documents\GitHub\ARDroneScouting\ARDrone2Video\Win32\Release\ARDrone2Video.lib
C:\Users\m0rg0_000\Documents\GitHub\ARDroneScouting\ARDrone2Video\Win32\Release\ARDrone2Video.exp
C:\Users\m0rg0_000\Documents\GitHub\ARDroneScouting\ARDrone2Video\Win32\Release\ARDrone2Video.dll
C:\Users\m0rg0_000\Documents\GitHub\ARDroneScouting\ARDrone2Video\Win32\Release\priconfig.xml.intermediate
C:\Users\m0rg0_000\Documents\GitHub\ARDroneScouting\ARDrone2Video\Win32\Release\layout.resfiles.intermediate
C:\Users\m0rg0_000\Documents\GitHub\ARDroneScouting\ARDrone2Video\Win32\Release\resources.resfiles.intermediate
C:\Users\m0rg0_000\Documents\GitHub\ARDroneScouting\ARDrone2Video\Win32\Release\pri.resfiles.intermediate
C:\Users\m0rg0_000\Documents\GitHub\ARDroneScouting\ARDrone2Video\Win32\Release\priconfig.xml
C:\Users\m0rg0_000\Documents\GitHub\ARDroneScouting\ARDrone2Video\Win32\Release\layout.resfiles
C:\Users\m0rg0_000\Documents\GitHub\ARDroneScouting\ARDrone2Video\Win32\Release\resources.resfiles
C:\Users\m0rg0_000\Documents\GitHub\ARDroneScouting\ARDrone2Video\Win32\Release\pri.resfiles
C:\Users\m0rg0_000\Documents\GitHub\ARDroneScouting\ARDrone2Video\Win32\Release\ARDrone2Video.pri
C:\Users\m0rg0_000\Documents\GitHub\ARDroneScouting\ARDrone2Video\Win32\Release\LanguageQualifiers.txt
C:\USERS\M0RG0_000\DOCUMENTS\GITHUB\ARDRONESCOUTING\ARDRONE2VIDEO\WIN32\RELEASE\STDAFX.PCH
C:\USERS\M0RG0_000\DOCUMENTS\GITHUB\ARDRONESCOUTING\ARDRONE2VIDEO\WIN32\RELEASE\PCH.OBJ
C:\USERS\M0RG0_000\DOCUMENTS\GITHUB\ARDRONESCOUTING\ARDRONE2VIDEO\WIN32\RELEASE\VC110.PDB
C:\USERS\M0RG0_000\DOCUMENTS\GITHUB\ARDRONESCOUTING\ARDRONE2VIDEO\WIN32\RELEASE\ARDRONEMEDIASOURCE.OBJ
C:\USERS\M0RG0_000\DOCUMENTS\GITHUB\ARDRONESCOUTING\ARDRONE2VIDEO\WIN32\RELEASE\ARDRONESCHEMEHANDLER.OBJ
C:\USERS\M0RG0_000\DOCUMENTS\GITHUB\ARDRONESCOUTING\ARDRONE2VIDEO\WIN32\RELEASE\ARDRONEMEDIASTREAM.OBJ
C:\USERS\M0RG0_000\DOCUMENTS\GITHUB\ARDRONESCOUTING\ARDRONE2VIDEO\WIN32\RELEASE\DLLMAIN.OBJ
C:\USERS\M0RG0_000\DOCUMENTS\GITHUB\ARDRONESCOUTING\ARDRONE2VIDEO\WIN32\RELEASE\ARDRONE2VIDEO.DLL
C:\USERS\M0RG0_000\DOCUMENTS\GITHUB\ARDRONESCOUTING\ARDRONE2VIDEO\WIN32\RELEASE\ARDRONE2VIDEO.WINMD
C:\USERS\M0RG0_000\DOCUMENTS\GITHUB\ARDRONESCOUTING\ARDRONE2VIDEO\WIN32\RELEASE\ARDRONE2VIDEO.PDB
C:\USERS\M0RG0_000\DOCUMENTS\GITHUB\ARDRONESCOUTING\ARDRONE2VIDEO\ARDRONE2VIDEO_P.C
C:\USERS\M0RG0_000\DOCUMENTS\GITHUB\ARDRONESCOUTING\ARDRONE2VIDEO\ARDRONE2VIDEO_I.C
C:\USERS\M0RG0_000\DOCUMENTS\GITHUB\ARDRONESCOUTING\ARDRONE2VIDEO\ARDRONE2VIDEO_H.H
C:\USERS\M0RG0_000\DOCUMENTS\GITHUB\ARDRONESCOUTING\ARDRONE2VIDEO\ARDRONE2VIDEO.WINMD
C:\Users\m0rg0_000\Documents\GitHub\ARDroneScouting\ARDrone2Video\Win32\Release\ARDroneMediaSource.obj
C:\Users\m0rg0_000\Documents\GitHub\ARDroneScouting\ARDrone2Video\Win32\Release\ARDroneMediaStream.obj
C:\Users\m0rg0_000\Documents\GitHub\ARDroneScouting\ARDrone2Video\Win32\Release\ARDroneSchemeHandler.obj
C:\Users\m0rg0_000\Documents\GitHub\ARDroneScouting\ARDrone2Video\Win32\Release\dllmain.obj
C:\Users\m0rg0_000\Documents\GitHub\ARDroneScouting\ARDrone2Video\Win32\Release\pch.obj
C:\Users\m0rg0_000\Documents\GitHub\ARDroneScouting\ARDrone2Video\Win32\Release\ARDrone2Video.read.1.tlog
C:\Users\m0rg0_000\Documents\GitHub\ARDroneScouting\ARDrone2Video\Win32\Release\ARDrone2Video.write.1.tlog
C:\Users\m0rg0_000\Documents\GitHub\ARDroneScouting\ARDrone2Video\Win32\Release\CL.10044.read.1.tlog
C:\Users\m0rg0_000\Documents\GitHub\ARDroneScouting\ARDrone2Video\Win32\Release\CL.10044.write.1.tlog
C:\Users\m0rg0_000\Documents\GitHub\ARDroneScouting\ARDrone2Video\Win32\Release\CL.10252.read.1.tlog
C:\Users\m0rg0_000\Documents\GitHub\ARDroneScouting\ARDrone2Video\Win32\Release\CL.10252.write.1.tlog
C:\Users\m0rg0_000\Documents\GitHub\ARDroneScouting\ARDrone2Video\Win32\Release\CL.4904.read.1.tlog
C:\Users\m0rg0_000\Documents\GitHub\ARDroneScouting\ARDrone2Video\Win32\Release\CL.4904.write.1.tlog
C:\Users\m0rg0_000\Documents\GitHub\ARDroneScouting\ARDrone2Video\Win32\Release\CL.8116.read.1.tlog
C:\Users\m0rg0_000\Documents\GitHub\ARDroneScouting\ARDrone2Video\Win32\Release\CL.8116.write.1.tlog
C:\Users\m0rg0_000\Documents\GitHub\ARDroneScouting\ARDrone2Video\Win32\Release\cl.command.1.tlog
C:\Users\m0rg0_000\Documents\GitHub\ARDroneScouting\ARDrone2Video\Win32\Release\CL.read.1.tlog
C:\Users\m0rg0_000\Documents\GitHub\ARDroneScouting\ARDrone2Video\Win32\Release\CL.write.1.tlog
C:\Users\m0rg0_000\Documents\GitHub\ARDroneScouting\ARDrone2Video\Win32\Release\link.command.1.tlog
C:\Users\m0rg0_000\Documents\GitHub\ARDroneScouting\ARDrone2Video\Win32\Release\link.read.1.tlog
C:\Users\m0rg0_000\Documents\GitHub\ARDroneScouting\ARDrone2Video\Win32\Release\link.write.1.tlog
C:\Users\m0rg0_000\Documents\GitHub\ARDroneScouting\ARDrone2Video\Win32\Release\midl-MIDLRT-cl.read.1.tlog
C:\Users\m0rg0_000\Documents\GitHub\ARDroneScouting\ARDrone2Video\Win32\Release\midl-MIDLRT-cl.write.1.tlog
C:\Users\m0rg0_000\Documents\GitHub\ARDroneScouting\ARDrone2Video\Win32\Release\midl-MIDLRT-midl-midlc-cl.read.1.tlog
C:\Users\m0rg0_000\Documents\GitHub\ARDroneScouting\ARDrone2Video\Win32\Release\midl-MIDLRT-midl-midlc-cl.write.1.tlog
C:\Users\m0rg0_000\Documents\GitHub\ARDroneScouting\ARDrone2Video\Win32\Release\midl-MIDLRT-midl-midlc.read.1.tlog
C:\Users\m0rg0_000\Documents\GitHub\ARDroneScouting\ARDrone2Video\Win32\Release\midl-MIDLRT-midl-midlc.write.1.tlog
C:\Users\m0rg0_000\Documents\GitHub\ARDroneScouting\ARDrone2Video\Win32\Release\midl-MIDLRT-midl.read.1.tlog
C:\Users\m0rg0_000\Documents\GitHub\ARDroneScouting\ARDrone2Video\Win32\Release\midl-MIDLRT-midl.write.1.tlog
C:\Users\m0rg0_000\Documents\GitHub\ARDroneScouting\ARDrone2Video\Win32\Release\midl-MIDLRT.read.1.tlog
C:\Users\m0rg0_000\Documents\GitHub\ARDroneScouting\ARDrone2Video\Win32\Release\midl-MIDLRT.write.1.tlog
C:\Users\m0rg0_000\Documents\GitHub\ARDroneScouting\ARDrone2Video\Win32\Release\midl.command.1.tlog
C:\Users\m0rg0_000\Documents\GitHub\ARDroneScouting\ARDrone2Video\Win32\Release\StdAfx.pch
C:\Users\m0rg0_000\Documents\GitHub\ARDroneScouting\ARDrone2Video\Win32\Release\ARDrone2Video.pdb
C:\Users\m0rg0_000\Documents\GitHub\ARDroneScouting\ARDrone2Video\Win32\Release\vc110.pdb
