C:\Users\m0rg0_000\Documents\GitHub\ARDroneScouting\ARM\Release\ARDrone2VideoTcpWrapper\ARDrone2VideoTcpWrapper.lib
C:\Users\m0rg0_000\Documents\GitHub\ARDroneScouting\ARM\Release\ARDrone2VideoTcpWrapper\ARDrone2VideoTcpWrapper.exp
C:\USERS\M0RG0_000\DOCUMENTS\GITHUB\ARDRONESCOUTING\ARDRONE2VIDEOTCPWRAPPER\ARM\RELEASE\ARDRONE2VIDEOTCPWRAPPER.PCH
C:\USERS\M0RG0_000\DOCUMENTS\GITHUB\ARDRONESCOUTING\ARDRONE2VIDEOTCPWRAPPER\ARM\RELEASE\PCH.OBJ
C:\USERS\M0RG0_000\DOCUMENTS\GITHUB\ARDRONESCOUTING\ARDRONE2VIDEOTCPWRAPPER\ARM\RELEASE\VC110.PDB
C:\USERS\M0RG0_000\DOCUMENTS\GITHUB\ARDRONESCOUTING\ARDRONE2VIDEOTCPWRAPPER\ARM\RELEASE\VIDEOPACKETWRAPPER.OBJ
C:\USERS\M0RG0_000\DOCUMENTS\GITHUB\ARDRONESCOUTING\ARDRONE2VIDEOTCPWRAPPER\ARM\RELEASE\ARDRONETCPCLIENTWRAPPER.OBJ
C:\USERS\M0RG0_000\DOCUMENTS\GITHUB\ARDRONESCOUTING\ARM\RELEASE\ARDRONE2VIDEOTCPWRAPPER\ARDRONE2VIDEOTCPWRAPPER.DLL
C:\USERS\M0RG0_000\DOCUMENTS\GITHUB\ARDRONESCOUTING\ARM\RELEASE\ARDRONE2VIDEOTCPWRAPPER\ARDRONE2VIDEOTCPWRAPPER.WINMD
C:\USERS\M0RG0_000\DOCUMENTS\GITHUB\ARDRONESCOUTING\ARM\RELEASE\ARDRONE2VIDEOTCPWRAPPER\ARDRONE2VIDEOTCPWRAPPER.PDB
C:\Users\m0rg0_000\Documents\GitHub\ARDroneScouting\ARDrone2VideoTcpWrapper\ARM\Release\ARDroneTcpClientWrapper.obj
C:\Users\m0rg0_000\Documents\GitHub\ARDroneScouting\ARDrone2VideoTcpWrapper\ARM\Release\pch.obj
C:\Users\m0rg0_000\Documents\GitHub\ARDroneScouting\ARDrone2VideoTcpWrapper\ARM\Release\VideoPacketWrapper.obj
C:\Users\m0rg0_000\Documents\GitHub\ARDroneScouting\ARDrone2VideoTcpWrapper\ARM\Release\ARDrone2VideoTcpWrapper.write.1.tlog
C:\Users\m0rg0_000\Documents\GitHub\ARDroneScouting\ARDrone2VideoTcpWrapper\ARM\Release\CL.240.read.1.tlog
C:\Users\m0rg0_000\Documents\GitHub\ARDroneScouting\ARDrone2VideoTcpWrapper\ARM\Release\CL.240.write.1.tlog
C:\Users\m0rg0_000\Documents\GitHub\ARDroneScouting\ARDrone2VideoTcpWrapper\ARM\Release\CL.9980.read.1.tlog
C:\Users\m0rg0_000\Documents\GitHub\ARDroneScouting\ARDrone2VideoTcpWrapper\ARM\Release\CL.9980.write.1.tlog
C:\Users\m0rg0_000\Documents\GitHub\ARDroneScouting\ARDrone2VideoTcpWrapper\ARM\Release\cl.command.1.tlog
C:\Users\m0rg0_000\Documents\GitHub\ARDroneScouting\ARDrone2VideoTcpWrapper\ARM\Release\CL.read.1.tlog
C:\Users\m0rg0_000\Documents\GitHub\ARDroneScouting\ARDrone2VideoTcpWrapper\ARM\Release\CL.write.1.tlog
C:\Users\m0rg0_000\Documents\GitHub\ARDroneScouting\ARDrone2VideoTcpWrapper\ARM\Release\link.command.1.tlog
C:\Users\m0rg0_000\Documents\GitHub\ARDroneScouting\ARDrone2VideoTcpWrapper\ARM\Release\link.read.1.tlog
C:\Users\m0rg0_000\Documents\GitHub\ARDroneScouting\ARDrone2VideoTcpWrapper\ARM\Release\link.write.1.tlog
C:\Users\m0rg0_000\Documents\GitHub\ARDroneScouting\ARDrone2VideoTcpWrapper\ARM\Release\ARDrone2VideoTcpWrapper.pch
C:\Users\m0rg0_000\Documents\GitHub\ARDroneScouting\ARDrone2VideoTcpWrapper\ARM\Release\vc110.pdb
C:\Users\m0rg0_000\Documents\GitHub\ARDroneScouting\ARM\Release\ARDrone2VideoTcpWrapper\ARDrone2VideoTcpWrapper.pdb
C:\Users\m0rg0_000\Documents\GitHub\ARDroneScouting\ARM\Release\ARDrone2VideoTcpWrapper\ARDrone2VideoTcpWrapper.dll
